<?xml version="1.0" encoding="UTF-8"?>
<!-- Generated by org.testng.reporters.JUnitReportReporter -->
<testsuite hostname="DESKTOP-205QLP3" failures="0" tests="1" name="Testcases.LoginPageTest" time="9.664" errors="0" timestamp="2025-10-24T15:24:29 IST" skipped="0">
  <testcase classname="Testcases.LoginPageTest" name="incorretUsernamePassword" time="9.664"/>
</testsuite> <!-- Testcases.LoginPageTest -->
