<?xml version="1.0" encoding="UTF-8"?>
<!-- Generated by org.testng.reporters.JUnitReportReporter -->
<testsuite hostname="DESKTOP-205QLP3" failures="0" tests="2" name="Testcases.NewscreateTest" time="14.596" errors="0" timestamp="2025-10-23T14:23:49 IST" skipped="0">
  <testcase classname="Testcases.NewscreateTest" name="newscreation" time="7.949"/>
  <testcase classname="Testcases.NewscreateTest" name="newscreation" time="6.647"/>
</testsuite> <!-- Testcases.NewscreateTest -->
