<?xml version="1.0" encoding="UTF-8"?>
<!-- Generated by org.testng.reporters.JUnitReportReporter -->
<testsuite hostname="DESKTOP-205QLP3" failures="0" tests="1" name="Testcases.NewUserTest" time="8.260" errors="0" timestamp="2025-10-23T14:23:11 IST" skipped="0">
  <testcase classname="Testcases.NewUserTest" name="loginNewUser" time="8.260"/>
</testsuite> <!-- Testcases.NewUserTest -->
